<?xml version="1.0" encoding="UTF-8"?>
<!-- Generated by org.testng.reporters.JUnitReportReporter -->
<testsuite hostname="DESKTOP-ISTH1QF" failures="0" tests="1" name="qamiraki.TestRunner" time="14.184" errors="0" timestamp="2022-09-08T13:30:58 IST" skipped="0">
  <testcase classname="qamiraki.TestRunner" name="runScenario" time="14.184"/>
  <system-out/>
</testsuite> <!-- qamiraki.TestRunner -->
