<?xml version="1.0" encoding="UTF-8"?>
<!-- Generated by org.testng.reporters.JUnitReportReporter -->
<testsuite hostname="DESKTOP-ISTH1QF" failures="0" tests="1" name="qamiraki.Gmail" time="0.018" errors="0" timestamp="2022-09-02T19:03:14 IST" skipped="0">
  <testcase classname="qamiraki.Gmail" name="sendmail" time="0.018"/>
  <system-out/>
</testsuite> <!-- qamiraki.Gmail -->
