<?xml version="1.0" encoding="UTF-8"?>
<!-- Generated by org.testng.reporters.JUnitReportReporter -->
<testsuite hostname="DESKTOP-ISTH1QF" failures="0" tests="1" name="FabpickPayment" time="0.045" errors="0" timestamp="2022-08-19T10:29:35 IST" skipped="0">
  <testcase classname="FabpickPayment" name="f" time="0.045"/>
  <system-out/>
</testsuite> <!-- FabpickPayment -->
