<?xml version="1.0" encoding="UTF-8"?>
<!-- Generated by org.testng.reporters.JUnitReportReporter -->
<testsuite hostname="DESKTOP-ISTH1QF" failures="0" tests="1" name="qamiraki.DrBr" time="9.888" errors="0" timestamp="2022-09-07T11:09:31 IST" skipped="0">
  <testcase classname="qamiraki.DrBr" name="Blogs" time="9.888"/>
  <system-out/>
</testsuite> <!-- qamiraki.DrBr -->
