<?xml version="1.0" encoding="UTF-8"?>
<!-- Generated by org.testng.reporters.JUnitReportReporter -->
<testsuite hostname="DESKTOP-ISTH1QF" failures="0" tests="1" name="PolineTest" time="1.278" errors="0" timestamp="2022-06-21T12:47:00 IST" skipped="0">
  <testcase classname="PolineTest" name="f" time="1.278"/>
  <system-out/>
</testsuite> <!-- PolineTest -->
