<?xml version="1.0" encoding="UTF-8"?>
<!-- Generated by org.testng.reporters.JUnitReportReporter -->
<testsuite hostname="DESKTOP-ISTH1QF" failures="0" tests="3" name="qamiraki.Brundha" time="39.786" errors="0" timestamp="2022-09-02T18:49:12 IST" skipped="0">
  <testcase classname="qamiraki.Brundha" name="Blogs" time="11.471"/>
  <system-out/>
  <testcase classname="qamiraki.Brundha" name="queries" time="15.249"/>
  <system-out/>
  <testcase classname="qamiraki.Brundha" name="appointment" time="13.066"/>
  <system-out/>
</testsuite> <!-- qamiraki.Brundha -->
