<?xml version="1.0" encoding="UTF-8"?>
<!-- Generated by org.testng.reporters.JUnitReportReporter -->
<testsuite hostname="DESKTOP-ISTH1QF" failures="0" tests="1" name="qamiraki.FabpickSeller" time="18.654" errors="0" timestamp="2022-09-15T15:27:04 IST" skipped="0">
  <testcase classname="qamiraki.FabpickSeller" name="BulkModify" time="18.654"/>
  <system-out/>
</testsuite> <!-- qamiraki.FabpickSeller -->
